TN:
SF:/Users/a9858970/Documents/Repos/pers/koa-ts-tut/src/config.ts
FNF:0
FNH:0
DA:5,3
LF:1
LH:1
BRDA:6,0,0,3
BRDA:6,0,1,0
BRF:2
BRH:1
end_of_record
TN:
SF:/Users/a9858970/Documents/Repos/pers/koa-ts-tut/src/server.ts
FN:25,(anonymous_14)
FN:28,(anonymous_17)
FNF:2
FNH:1
FNDA:4,(anonymous_14)
FNDA:0,(anonymous_17)
DA:1,2
DA:2,2
DA:3,2
DA:4,2
DA:5,2
DA:6,2
DA:7,2
DA:9,2
DA:11,2
DA:13,2
DA:14,2
DA:19,2
DA:21,2
DA:22,2
DA:24,2
DA:25,2
DA:26,2
DA:29,0
DA:32,2
LF:19
LH:18
BRF:0
BRH:0
end_of_record
TN:
SF:/Users/a9858970/Documents/Repos/pers/koa-ts-tut/src/routes/codereviewvideos.ts
FN:6,(anonymous_14)
FN:6,(anonymous_15)
FNF:2
FNH:2
FNDA:2,(anonymous_14)
FNDA:2,(anonymous_15)
DA:2,2
DA:4,2
DA:6,2
DA:7,2
DA:8,2
DA:9,2
DA:13,0
DA:17,2
LF:8
LH:7
BRF:0
BRH:0
end_of_record
TN:
SF:/Users/a9858970/Documents/Repos/pers/koa-ts-tut/src/routes/healthcheck.ts
FN:5,(anonymous_14)
FN:5,(anonymous_15)
FNF:2
FNH:2
FNDA:1,(anonymous_14)
FNDA:1,(anonymous_15)
DA:1,2
DA:3,2
DA:5,2
DA:6,1
DA:7,1
DA:12,0
DA:16,2
LF:7
LH:6
BRF:0
BRH:0
end_of_record
